<?xml version="1.0" encoding="UTF-8"?>
<robot generator="Robot 3.2.1 (Python 3.8.3 on win32)" generated="20200607 18:20:04.827" rpa="false">
<suite id="s1" name="TestSuite1" source="C:\Users\Asebrak\Documents\Workspaces\Eclipse19\RobotProjectTest\test\TestSuite1.robot">
<kw name="Log" library="BuiltIn" type="setup">
<doc>Logs the given message with the given level.</doc>
<arguments>
<arg>Pre-requisites of a testsuite</arg>
</arguments>
<msg timestamp="20200607 18:20:05.080" level="INFO">Pre-requisites of a testsuite</msg>
<status status="PASS" starttime="20200607 18:20:05.080" endtime="20200607 18:20:05.081"></status>
</kw>
<test id="s1-t1" name="MySecondtTest">
<kw name="Log" library="BuiltIn" type="setup">
<doc>Logs the given message with the given level.</doc>
<arguments>
<arg>PR of test case</arg>
</arguments>
<msg timestamp="20200607 18:20:05.082" level="INFO">PR of test case</msg>
<status status="PASS" starttime="20200607 18:20:05.082" endtime="20200607 18:20:05.082"></status>
</kw>
<kw name="Log" library="BuiltIn">
<doc>Logs the given message with the given level.</doc>
<arguments>
<arg>Hello 2 world</arg>
</arguments>
<msg timestamp="20200607 18:20:05.083" level="INFO">Hello 2 world</msg>
<status status="PASS" starttime="20200607 18:20:05.082" endtime="20200607 18:20:05.083"></status>
</kw>
<kw name="Set Tags" library="BuiltIn">
<doc>Adds given ``tags`` for the current test or all tests in a suite.</doc>
<arguments>
<arg>regression1</arg>
</arguments>
<msg timestamp="20200607 18:20:05.083" level="INFO">Set tag 'regression1'.</msg>
<status status="PASS" starttime="20200607 18:20:05.083" endtime="20200607 18:20:05.083"></status>
</kw>
<kw name="Clean" type="teardown">
<kw name="Log" library="BuiltIn">
<doc>Logs the given message with the given level.</doc>
<arguments>
<arg>This is the end of the testcase</arg>
</arguments>
<msg timestamp="20200607 18:20:05.084" level="INFO">This is the end of the testcase</msg>
<status status="PASS" starttime="20200607 18:20:05.084" endtime="20200607 18:20:05.085"></status>
</kw>
<kw name="Close Browser" library="SeleniumLibrary">
<doc>Closes the current browser.</doc>
<status status="PASS" starttime="20200607 18:20:05.085" endtime="20200607 18:20:05.085"></status>
</kw>
<status status="PASS" starttime="20200607 18:20:05.084" endtime="20200607 18:20:05.085"></status>
</kw>
<tags>
<tag>regression1</tag>
<tag>sanity</tag>
</tags>
<status status="PASS" starttime="20200607 18:20:05.081" endtime="20200607 18:20:05.085" critical="yes"></status>
</test>
<test id="s1-t2" name="MyThirdTest">
<kw name="Log" library="BuiltIn" type="setup">
<doc>Logs the given message with the given level.</doc>
<arguments>
<arg>PR of test case</arg>
</arguments>
<msg timestamp="20200607 18:20:05.088" level="INFO">PR of test case</msg>
<status status="PASS" starttime="20200607 18:20:05.087" endtime="20200607 18:20:05.088"></status>
</kw>
<kw name="Log" library="BuiltIn">
<doc>Logs the given message with the given level.</doc>
<arguments>
<arg>Hello 3 world</arg>
</arguments>
<msg timestamp="20200607 18:20:05.089" level="INFO">Hello 3 world</msg>
<status status="PASS" starttime="20200607 18:20:05.089" endtime="20200607 18:20:05.089"></status>
</kw>
<kw name="Clean" type="teardown">
<kw name="Log" library="BuiltIn">
<doc>Logs the given message with the given level.</doc>
<arguments>
<arg>This is the end of the testcase</arg>
</arguments>
<msg timestamp="20200607 18:20:05.089" level="INFO">This is the end of the testcase</msg>
<status status="PASS" starttime="20200607 18:20:05.089" endtime="20200607 18:20:05.089"></status>
</kw>
<kw name="Close Browser" library="SeleniumLibrary">
<doc>Closes the current browser.</doc>
<status status="PASS" starttime="20200607 18:20:05.089" endtime="20200607 18:20:05.090"></status>
</kw>
<status status="PASS" starttime="20200607 18:20:05.089" endtime="20200607 18:20:05.090"></status>
</kw>
<tags>
<tag>sanity</tag>
</tags>
<status status="PASS" starttime="20200607 18:20:05.086" endtime="20200607 18:20:05.091" critical="yes"></status>
</test>
<kw name="Log" library="BuiltIn" type="teardown">
<doc>Logs the given message with the given level.</doc>
<arguments>
<arg>at the end right ?</arg>
</arguments>
<msg timestamp="20200607 18:20:05.093" level="INFO">at the end right ?</msg>
<status status="PASS" starttime="20200607 18:20:05.093" endtime="20200607 18:20:05.093"></status>
</kw>
<status status="PASS" starttime="20200607 18:20:04.829" endtime="20200607 18:20:05.093"></status>
</suite>
<statistics>
<total>
<stat pass="2" fail="0">Critical Tests</stat>
<stat pass="2" fail="0">All Tests</stat>
</total>
<tag>
<stat pass="1" fail="0">regression1</stat>
<stat pass="2" fail="0">sanity</stat>
</tag>
<suite>
<stat pass="2" fail="0" id="s1" name="TestSuite1">TestSuite1</stat>
</suite>
</statistics>
<errors>
</errors>
</robot>
